2024-07-08 16:26:41,251 [INFO] Activator:176 - 


2024-07-08 16:26:41,251 [INFO] Activator:177 - !SESSION log4j initialized
2024-07-08 16:26:45,659 [INFO] LogOutputStream:77 - [STDOUT_REDIRECT] 
2024-07-08 16:26:49,672 [INFO] ApplicationProperties:184 - Using Application install path: C:\ST\STM32CubeIDE_1.10.1\STM32CubeIDE\plugins\com.st.stm32cube.common.mx_6.11.0.202403141607
2024-07-08 16:26:49,700 [INFO] DbMcusXml:78 - Set database path to: C:\ST\STM32CubeIDE_1.10.1\STM32CubeIDE\plugins\com.st.stm32cube.common.mx_6.11.0.202403141607\\db\/mcu/
2024-07-08 16:26:49,700 [INFO] ApiDb:274 - Set plugin database path to: C:\ST\STM32CubeIDE_1.10.1\STM32CubeIDE\plugins\com.st.stm32cube.common.mx_6.11.0.202403141607\\db\/plugins/boardmanager/
2024-07-08 16:26:49,701 [WARN] ApiDb:259 - Overriding images path with different value:  => C:\ST\STM32CubeIDE_1.10.1\STM32CubeIDE\plugins\com.st.stm32cube.common.mx_6.11.0.202403141607\\db\/plugins/mcufinder/images/
2024-07-08 16:26:49,717 [INFO] ApiDb:250 - Set database path to: C:\Users\ronik\.stmcufinder\plugins\mcufinder//mcu/
2024-07-08 16:26:49,718 [INFO] DbMcusAds:125 - Set database path to: C:\Users\ronik\.stmcufinder\plugins\mcufinder//mcu/
2024-07-08 16:26:49,721 [INFO] CrossReferenceDbSqlite:203 - Set database path to: C:\Users\ronik\.stmcufinder\plugins\mcufinder//mcu/cs/
2024-07-08 16:26:49,869 [INFO] RulesReader:64 - Compatibility file has been processed (297 Rules)
2024-07-08 16:26:50,001 [INFO] DbMcusXml:78 - Set database path to: C:\ST\STM32CubeIDE_1.10.1\STM32CubeIDE\plugins\com.st.stm32cube.common.mx_6.11.0.202403141607\\db\/mcu/
2024-07-08 16:26:50,001 [INFO] ApiDb:274 - Set plugin database path to: C:\ST\STM32CubeIDE_1.10.1\STM32CubeIDE\plugins\com.st.stm32cube.common.mx_6.11.0.202403141607\\db\/plugins/boardmanager/
2024-07-08 16:26:50,001 [INFO] ApiDb:261 - Set plugin images path to: C:\ST\STM32CubeIDE_1.10.1\STM32CubeIDE\plugins\com.st.stm32cube.common.mx_6.11.0.202403141607\\db\/plugins/mcufinder/images/
2024-07-08 16:26:50,001 [WARN] DbFile:41 - Overriding database path with different value: C:\Users\ronik\.stmcufinder\plugins\mcufinder/ => C:\Users\ronik\.stmcufinder\plugins\mcufinder
2024-07-08 16:26:50,001 [INFO] ApiDb:250 - Set database path to: C:\Users\ronik\.stmcufinder\plugins\mcufinder//mcu/
2024-07-08 16:26:50,001 [WARN] DbFile:41 - Overriding database path with different value: C:\Users\ronik\.stmcufinder\plugins\mcufinder/ => C:\Users\ronik\.stmcufinder\plugins\mcufinder
2024-07-08 16:26:50,002 [INFO] DbMcusAds:125 - Set database path to: C:\Users\ronik\.stmcufinder\plugins\mcufinder//mcu/
2024-07-08 16:26:50,002 [WARN] DbFile:41 - Overriding database path with different value: C:\Users\ronik\.stmcufinder\plugins\mcufinder/ => C:\Users\ronik\.stmcufinder\plugins\mcufinder
2024-07-08 16:26:50,002 [WARN] DbFile:41 - Overriding database path with different value: C:\Users\ronik\.stmcufinder\plugins\mcufinder/ => C:\Users\ronik\.stmcufinder\plugins\mcufinder
2024-07-08 16:26:50,002 [INFO] CrossReferenceDbSqlite:203 - Set database path to: C:\Users\ronik\.stmcufinder\plugins\mcufinder//mcu/cs/
2024-07-08 16:26:50,140 [INFO] MainPanel:264 - HeapMemory: 268435456
2024-07-08 16:26:50,288 [INFO] DbMcusXml:78 - Set database path to: C:\ST\STM32CubeIDE_1.10.1\STM32CubeIDE\plugins\com.st.stm32cube.common.mx_6.11.0.202403141607\\db\/mcu/
2024-07-08 16:26:50,289 [INFO] ApiDb:274 - Set plugin database path to: C:\ST\STM32CubeIDE_1.10.1\STM32CubeIDE\plugins\com.st.stm32cube.common.mx_6.11.0.202403141607\\db\/plugins/boardmanager/
2024-07-08 16:26:50,289 [INFO] ApiDb:261 - Set plugin images path to: C:\ST\STM32CubeIDE_1.10.1\STM32CubeIDE\plugins\com.st.stm32cube.common.mx_6.11.0.202403141607\\db\/plugins/mcufinder/images/
2024-07-08 16:26:50,289 [WARN] DbFile:41 - Overriding database path with different value: C:\Users\ronik\.stmcufinder\plugins\mcufinder/ => C:\Users\ronik\.stmcufinder\plugins\mcufinder
2024-07-08 16:26:50,290 [INFO] ApiDb:250 - Set database path to: C:\Users\ronik\.stmcufinder\plugins\mcufinder//mcu/
2024-07-08 16:26:50,290 [WARN] DbFile:41 - Overriding database path with different value: C:\Users\ronik\.stmcufinder\plugins\mcufinder/ => C:\Users\ronik\.stmcufinder\plugins\mcufinder
2024-07-08 16:26:50,290 [INFO] DbMcusAds:125 - Set database path to: C:\Users\ronik\.stmcufinder\plugins\mcufinder//mcu/
2024-07-08 16:26:50,290 [WARN] DbFile:41 - Overriding database path with different value: C:\Users\ronik\.stmcufinder\plugins\mcufinder/ => C:\Users\ronik\.stmcufinder\plugins\mcufinder
2024-07-08 16:26:50,290 [WARN] DbFile:41 - Overriding database path with different value: C:\Users\ronik\.stmcufinder\plugins\mcufinder/ => C:\Users\ronik\.stmcufinder\plugins\mcufinder
2024-07-08 16:26:50,291 [INFO] CrossReferenceDbSqlite:203 - Set database path to: C:\Users\ronik\.stmcufinder\plugins\mcufinder//mcu/cs/
2024-07-08 16:26:50,321 [INFO] ApplicationProperties:184 - Using Application install path: C:\ST\STM32CubeIDE_1.10.1\STM32CubeIDE\plugins\com.st.stm32cube.common.mx_6.11.0.202403141607
2024-07-08 16:26:50,324 [INFO] PluginManage:196 - Search for loadable plugins [exclusion list=, ]
2024-07-08 16:26:50,326 [INFO] PluginManage:310 - Check plugin analytics
2024-07-08 16:26:50,661 [INFO] AnalyticsPlugin:253 - Accepted Software Licenses: 
2024-07-08 16:26:50,661 [INFO] AnalyticsPlugin:255 - Accepted CMSIS Pack Licenses: 
2024-07-08 16:26:50,662 [INFO] AnalyticsPlugin:257 - Accepted Firmware Licenses: 
2024-07-08 16:26:50,665 [INFO] PluginManage:359 - Loaded plugin analytics (category:tool,tabindex:-1)
2024-07-08 16:26:50,665 [INFO] PluginManage:310 - Check plugin cadmodel
2024-07-08 16:26:50,687 [INFO] CADModel:105 - Init CAD model plugin
2024-07-08 16:26:50,687 [INFO] PluginManage:359 - Loaded plugin cadmodel (category:power,tabindex:5)
2024-07-08 16:26:50,687 [INFO] PluginManage:310 - Check plugin clock
2024-07-08 16:26:50,716 [INFO] PluginManage:359 - Loaded plugin clock (category:base,tabindex:2)
2024-07-08 16:26:50,716 [INFO] PluginManage:310 - Check plugin ddr
2024-07-08 16:26:50,720 [INFO] PluginManage:359 - Loaded plugin ddr (category:tool,tabindex:6)
2024-07-08 16:26:50,722 [INFO] PluginManage:310 - Check plugin filemanager
2024-07-08 16:26:50,932 [INFO] PluginManage:359 - Loaded plugin filemanager (category:base,tabindex:10)
2024-07-08 16:26:50,933 [INFO] PluginManage:310 - Check plugin ipmanager
2024-07-08 16:26:50,944 [INFO] PluginManage:359 - Loaded plugin ipmanager (category:base,tabindex:5)
2024-07-08 16:26:50,945 [INFO] PluginManage:310 - Check plugin lpbam
2024-07-08 16:26:50,973 [INFO] PluginManage:359 - Loaded plugin lpbam (category:base,tabindex:0)
2024-07-08 16:26:50,974 [INFO] PluginManage:310 - Check plugin memorymap
2024-07-08 16:26:51,007 [INFO] PluginManage:359 - Loaded plugin memorymap (category:base,tabindex:4)
2024-07-08 16:26:51,007 [INFO] PluginManage:310 - Check plugin pinoutandconfiguration
2024-07-08 16:26:51,029 [INFO] PluginManage:359 - Loaded plugin pinoutandconfiguration (category:base,tabindex:1)
2024-07-08 16:26:51,029 [INFO] PluginManage:310 - Check plugin pinoutconfig
2024-07-08 16:26:51,185 [WARN] SupportedApi:132 - Cannot load RTOS API schema: s4s-elt-must-match.1: The content of 'definitions' must match (annotation?, (simpleType | complexType)?, (unique | key | keyref)*)). A problem was found starting at: attribute.
2024-07-08 16:26:51,465 [INFO] PluginManage:359 - Loaded plugin pinoutconfig (category:base,tabindex:0)
2024-07-08 16:26:51,465 [INFO] PluginManage:310 - Check plugin power
2024-07-08 16:26:51,678 [INFO] PluginManage:359 - Loaded plugin power (category:power,tabindex:4)
2024-07-08 16:26:51,678 [INFO] PluginManage:310 - Check plugin projectmanager
2024-07-08 16:26:51,703 [INFO] PluginManage:359 - Loaded plugin projectmanager (category:projectmanager,tabindex:3)
2024-07-08 16:26:51,703 [INFO] PluginManage:310 - Check plugin thirdparty
2024-07-08 16:26:52,097 [INFO] PluginManage:359 - Loaded plugin thirdparty (category:base,tabindex:-1)
2024-07-08 16:26:52,097 [WARN] IntegrityCheckThread:84 - waiting for thirdparty lock release [integrity check]
2024-07-08 16:26:52,097 [INFO] PluginManage:310 - Check plugin tools
2024-07-08 16:26:52,097 [INFO] IntegrityCheckThread:86 - entering critical section [integrity check]
2024-07-08 16:26:52,098 [INFO] ThirdPartyUpdaterWithRetryManager:70 - Updater plugin not ready yet. [1/15]
2024-07-08 16:26:52,152 [INFO] PluginManage:359 - Loaded plugin tools (category:base,tabindex:7)
2024-07-08 16:26:52,152 [INFO] PluginManage:310 - Check plugin tutovideos
2024-07-08 16:26:52,466 [INFO] PluginManage:359 - Loaded plugin tutovideos (category:base,tabindex:-1)
2024-07-08 16:26:52,466 [INFO] PluginManage:310 - Check plugin updater
2024-07-08 16:26:52,480 [INFO] PluginManage:359 - Loaded plugin updater (category:base,tabindex:12)
2024-07-08 16:26:52,481 [INFO] PluginManage:310 - Check plugin userauth
2024-07-08 16:26:52,487 [INFO] UserAuth:114 - Init User Auth plugin
2024-07-08 16:26:52,487 [INFO] PluginManage:359 - Loaded plugin userauth (category:base,tabindex:14)
2024-07-08 16:26:52,487 [INFO] PluginManage:283 - PluginManage : Loaded plugins [17]
2024-07-08 16:26:52,758 [INFO] PinOutPanel:1561 - setPackage(No Configuration,No Configuration)
2024-07-08 16:26:52,842 [INFO] CADModel:165 - CPN selected for project level
2024-07-08 16:26:52,842 [INFO] CADModel:114 - Register for checkConnection events
2024-07-08 16:26:52,873 [INFO] IPUIPlugin:80 - create IPUIPlugin
2024-07-08 16:26:52,874 [INFO] PluginManager:220 - loadIPPluginJar : add adc
2024-07-08 16:26:52,918 [INFO] IPUIPlugin:80 - create IPUIPlugin
2024-07-08 16:26:52,919 [INFO] PluginManager:220 - loadIPPluginJar : add aes
2024-07-08 16:26:52,967 [INFO] IPUIPlugin:80 - create IPUIPlugin
2024-07-08 16:26:52,967 [INFO] PluginManager:220 - loadIPPluginJar : add can
2024-07-08 16:26:52,997 [INFO] IPUIPlugin:80 - create IPUIPlugin
2024-07-08 16:26:52,997 [INFO] PluginManager:220 - loadIPPluginJar : add comp
2024-07-08 16:26:53,036 [INFO] IPUIPlugin:80 - create IPUIPlugin
2024-07-08 16:26:53,036 [INFO] PluginManager:220 - loadIPPluginJar : add cryp
2024-07-08 16:26:53,075 [INFO] IPUIPlugin:80 - create IPUIPlugin
2024-07-08 16:26:53,075 [INFO] PluginManager:220 - loadIPPluginJar : add dfsdm
2024-07-08 16:26:53,096 [INFO] IPUIPlugin:80 - create IPUIPlugin
2024-07-08 16:26:53,096 [INFO] PluginManager:220 - loadIPPluginJar : add dma
2024-07-08 16:26:53,164 [INFO] IPUIPlugin:80 - create IPUIPlugin
2024-07-08 16:26:53,164 [INFO] PluginManager:220 - loadIPPluginJar : add dma3
2024-07-08 16:26:53,213 [INFO] IPUIPlugin:80 - create IPUIPlugin
2024-07-08 16:26:53,214 [INFO] PluginManager:220 - loadIPPluginJar : add extmemmanager
2024-07-08 16:26:53,243 [INFO] IPUIPlugin:80 - create IPUIPlugin
2024-07-08 16:26:53,244 [INFO] PluginManager:220 - loadIPPluginJar : add fatfs
2024-07-08 16:26:53,298 [INFO] IPUIPlugin:80 - create IPUIPlugin
2024-07-08 16:26:53,298 [INFO] PluginManager:220 - loadIPPluginJar : add fmc
2024-07-08 16:26:53,316 [INFO] IPUIPlugin:80 - create IPUIPlugin
2024-07-08 16:26:53,316 [INFO] PluginManager:220 - loadIPPluginJar : add freertos
2024-07-08 16:26:53,343 [INFO] IPUIPlugin:80 - create IPUIPlugin
2024-07-08 16:26:53,343 [INFO] PluginManager:220 - loadIPPluginJar : add genericplugin
2024-07-08 16:26:53,469 [INFO] IPUIPlugin:80 - create IPUIPlugin
2024-07-08 16:26:53,469 [INFO] PluginManager:220 - loadIPPluginJar : add gfxmmu
2024-07-08 16:26:53,647 [INFO] IPUIPlugin:80 - create IPUIPlugin
2024-07-08 16:26:53,647 [INFO] PluginManager:220 - loadIPPluginJar : add gic
2024-07-08 16:26:53,663 [INFO] IPUIPlugin:80 - create IPUIPlugin
2024-07-08 16:26:53,663 [INFO] PluginManager:220 - loadIPPluginJar : add gpio
2024-07-08 16:26:53,780 [INFO] IPUIPlugin:80 - create IPUIPlugin
2024-07-08 16:26:53,781 [INFO] PluginManager:220 - loadIPPluginJar : add gtzc
2024-07-08 16:26:53,822 [INFO] IPUIPlugin:80 - create IPUIPlugin
2024-07-08 16:26:53,822 [INFO] PluginManager:220 - loadIPPluginJar : add hash
2024-07-08 16:26:53,891 [INFO] IPUIPlugin:80 - create IPUIPlugin
2024-07-08 16:26:53,892 [INFO] PluginManager:220 - loadIPPluginJar : add i2c
2024-07-08 16:26:53,943 [INFO] IPUIPlugin:80 - create IPUIPlugin
2024-07-08 16:26:53,943 [INFO] PluginManager:220 - loadIPPluginJar : add i2s
2024-07-08 16:26:53,995 [INFO] IPUIPlugin:80 - create IPUIPlugin
2024-07-08 16:26:53,996 [INFO] PluginManager:220 - loadIPPluginJar : add i3c
2024-07-08 16:26:54,131 [INFO] IPUIPlugin:80 - create IPUIPlugin
2024-07-08 16:26:54,131 [INFO] PluginManager:220 - loadIPPluginJar : add ipddr
2024-07-08 16:26:54,247 [INFO] IPUIPlugin:80 - create IPUIPlugin
2024-07-08 16:26:54,247 [INFO] PluginManager:220 - loadIPPluginJar : add linkedlist
2024-07-08 16:26:54,289 [INFO] IPUIPlugin:80 - create IPUIPlugin
2024-07-08 16:26:54,289 [INFO] PluginManager:220 - loadIPPluginJar : add lorawan
2024-07-08 16:26:54,339 [INFO] IPUIPlugin:80 - create IPUIPlugin
2024-07-08 16:26:54,339 [INFO] PluginManager:220 - loadIPPluginJar : add ltdc
2024-07-08 16:26:54,357 [INFO] IPUIPlugin:80 - create IPUIPlugin
2024-07-08 16:26:54,357 [INFO] PluginManager:220 - loadIPPluginJar : add mdma
2024-07-08 16:26:54,369 [INFO] IPUIPlugin:80 - create IPUIPlugin
2024-07-08 16:26:54,370 [INFO] PluginManager:220 - loadIPPluginJar : add nvic
2024-07-08 16:26:54,413 [INFO] IPUIPlugin:80 - create IPUIPlugin
2024-07-08 16:26:54,413 [INFO] PluginManager:220 - loadIPPluginJar : add opamp
2024-07-08 16:26:54,494 [INFO] IPUIPlugin:80 - create IPUIPlugin
2024-07-08 16:26:54,494 [INFO] PluginManager:220 - loadIPPluginJar : add openamp
2024-07-08 16:26:54,551 [INFO] IPUIPlugin:80 - create IPUIPlugin
2024-07-08 16:26:54,551 [INFO] PluginManager:220 - loadIPPluginJar : add pdm2pcm
2024-07-08 16:26:54,568 [INFO] IPUIPlugin:80 - create IPUIPlugin
2024-07-08 16:26:54,571 [INFO] PluginManager:220 - loadIPPluginJar : add plateformsettings
2024-07-08 16:26:54,601 [INFO] IPUIPlugin:80 - create IPUIPlugin
2024-07-08 16:26:54,601 [INFO] PluginManager:220 - loadIPPluginJar : add quadspi
2024-07-08 16:26:54,615 [INFO] IPUIPlugin:80 - create IPUIPlugin
2024-07-08 16:26:54,615 [INFO] PluginManager:220 - loadIPPluginJar : add resmgrutility
2024-07-08 16:26:54,673 [INFO] IPUIPlugin:80 - create IPUIPlugin
2024-07-08 16:26:54,673 [INFO] PluginManager:220 - loadIPPluginJar : add sai
2024-07-08 16:26:54,718 [INFO] IPUIPlugin:80 - create IPUIPlugin
2024-07-08 16:26:54,718 [INFO] PluginManager:220 - loadIPPluginJar : add spi
2024-07-08 16:26:54,806 [INFO] IPUIPlugin:80 - create IPUIPlugin
2024-07-08 16:26:54,806 [INFO] PluginManager:220 - loadIPPluginJar : add stm32_wpan
2024-07-08 16:26:54,832 [INFO] IPUIPlugin:80 - create IPUIPlugin
2024-07-08 16:26:54,832 [INFO] PluginManager:220 - loadIPPluginJar : add tim
2024-07-08 16:26:54,910 [INFO] IPUIPlugin:80 - create IPUIPlugin
2024-07-08 16:26:54,910 [INFO] PluginManager:220 - loadIPPluginJar : add touchsensing
2024-07-08 16:26:54,939 [INFO] IPUIPlugin:80 - create IPUIPlugin
2024-07-08 16:26:54,939 [INFO] PluginManager:220 - loadIPPluginJar : add tracer_emb
2024-07-08 16:26:54,970 [INFO] IPUIPlugin:80 - create IPUIPlugin
2024-07-08 16:26:54,970 [INFO] PluginManager:220 - loadIPPluginJar : add ts
2024-07-08 16:26:54,997 [INFO] IPUIPlugin:80 - create IPUIPlugin
2024-07-08 16:26:54,998 [INFO] PluginManager:220 - loadIPPluginJar : add tsc
2024-07-08 16:26:55,035 [INFO] IPUIPlugin:80 - create IPUIPlugin
2024-07-08 16:26:55,035 [INFO] PluginManager:220 - loadIPPluginJar : add ucpd
2024-07-08 16:26:55,090 [INFO] IPUIPlugin:80 - create IPUIPlugin
2024-07-08 16:26:55,090 [INFO] PluginManager:220 - loadIPPluginJar : add usart
2024-07-08 16:26:55,100 [INFO] ThirdPartyUpdaterWithRetryManager:70 - Updater plugin not ready yet. [2/15]
2024-07-08 16:26:55,149 [INFO] IPUIPlugin:80 - create IPUIPlugin
2024-07-08 16:26:55,149 [INFO] PluginManager:220 - loadIPPluginJar : add usbx
2024-07-08 16:26:55,289 [INFO] CADModel:165 - CPN selected for project level
2024-07-08 16:26:55,289 [INFO] CADModel:114 - Register for checkConnection events
2024-07-08 16:26:55,289 [FATAL] Updater:308 - Updater called before beeing initialized
2024-07-08 16:26:55,289 [ERROR] CADModel:125 - Updater not yet initialized, retry later 
2024-07-08 16:26:55,493 [INFO] CADModel:165 - CPN selected for project level
2024-07-08 16:26:55,493 [INFO] CADModel:114 - Register for checkConnection events
2024-07-08 16:26:55,493 [FATAL] Updater:308 - Updater called before beeing initialized
2024-07-08 16:26:55,493 [ERROR] CADModel:125 - Updater not yet initialized, retry later 
2024-07-08 16:26:55,496 [FATAL] Updater:308 - Updater called before beeing initialized
2024-07-08 16:26:55,629 [FATAL] Updater:308 - Updater called before beeing initialized
2024-07-08 16:26:55,639 [INFO] DbMcusAds:53 - JSON generation date=Thu May 02 04:37:29 EDT 2024 (1714639049318)
2024-07-08 16:26:55,639 [FATAL] Updater:308 - Updater called before beeing initialized
2024-07-08 16:26:55,692 [WARN] DetailPanel:346 - Failed to get advertising image, set to default
2024-07-08 16:26:55,798 [FATAL] Updater:308 - Updater called before beeing initialized
2024-07-08 16:26:55,801 [FATAL] Updater:308 - Updater called before beeing initialized
2024-07-08 16:26:55,802 [FATAL] Updater:308 - Updater called before beeing initialized
2024-07-08 16:26:55,802 [WARN] DetailPanel:346 - Failed to get advertising image, set to default
2024-07-08 16:26:55,803 [FATAL] Updater:308 - Updater called before beeing initialized
2024-07-08 16:26:55,884 [ERROR] Updater:1120 - MainUpdater not yet initialized. External WinMGr cannot be set.
2024-07-08 16:26:55,897 [INFO] Updater:1056 - Updater Version found : 6.11.0
2024-07-08 16:26:55,920 [INFO] ApplicationProperties:184 - Using Application install path: C:\ST\STM32CubeIDE_1.10.1\STM32CubeIDE\plugins\com.st.stm32cube.common.mx_6.11.0.202403141607
2024-07-08 16:26:58,030 [INFO] MainUpdater:2873 - connection check result : 10
2024-07-08 16:26:58,030 [INFO] MainUpdater:3567 - Updater definition file requires update
2024-07-08 16:26:58,031 [INFO] MainUpdater:290 - Updater Check For Update Now.
2024-07-08 16:26:58,031 [INFO] MicroXplorer:498 - Change Database Version : DB.6.0.110
2024-07-08 16:26:58,089 [INFO] McuFinderGlobals:63 - Set McuFinder mode to 2 (CubeIDE integrated)
2024-07-08 16:26:58,102 [WARN] MainUpdater:1194 - Updater busy. Cannot search thirdparties
2024-07-08 16:26:58,103 [INFO] ThirdPartyUpdaterWithRetryManager:96 - Updater plugin is busy. [1/15]
2024-07-08 16:26:58,106 [INFO] UserAuth:415 - Internet connection configuration mode: 1
2024-07-08 16:26:58,133 [INFO] JxBrowserEngine:152 - Initiate JxBrowser Engine with user profile folder
2024-07-08 16:26:58,650 [INFO] ServerAccessManage:473 - Download File updaters.zip
2024-07-08 16:26:58,975 [INFO] FileExtend:240 - Unzip File : updaters.zip
2024-07-08 16:26:58,975 [INFO] FileExtend:255 - Standard Zip Deflate
2024-07-08 16:26:59,602 [INFO] ServerAccessManage:473 - Download File PacksControlFlags.xml
2024-07-08 16:27:00,039 [INFO] ServerAccessManage:473 - Download File cubemx.pidx
2024-07-08 16:27:01,144 [WARN] MainUpdater:1194 - Updater busy. Cannot search thirdparties
2024-07-08 16:27:01,148 [INFO] ThirdPartyUpdaterWithRetryManager:96 - Updater plugin is busy. [2/15]
2024-07-08 16:27:02,430 [ERROR] ExternalUserPreferencesManager:606 - Error while get path from external application: Cannot invoke "com.st.stm32cube.common.mx.MxActivator.getBundle()" because the return value of "com.st.stm32cube.common.mx.MxActivator.getDefault()" is null
2024-07-08 16:27:02,433 [ERROR] ExternalUserPreferencesManager:336 - Error while get preference info from external application: Cannot invoke "com.st.stm32cube.common.mx.MxActivator.getBundle()" because the return value of "com.st.stm32cube.common.mx.MxActivator.getDefault()" is null
2024-07-08 16:27:02,434 [ERROR] ExternalUserPreferencesManager:560 - Error while get preference info from external application: Cannot invoke "com.st.stm32cube.common.mx.MxActivator.getBundle()" because the return value of "com.st.stm32cube.common.mx.MxActivator.getDefault()" is null
2024-07-08 16:27:02,522 [ERROR] ExternalUserPreferencesManager:560 - Error while get preference info from external application: Cannot invoke "com.st.stm32cube.common.mx.MxActivator.getBundle()" because the return value of "com.st.stm32cube.common.mx.MxActivator.getDefault()" is null
2024-07-08 16:27:02,768 [INFO] ServerAccessManage:473 - Download File STMicroelectronics.X-CUBE-ALS.pdsc
2024-07-08 16:27:02,778 [ERROR] LogOutputStream:75 - [STDERR_REDIRECT] 
